#
# A fatal error has been detected by the Java Runtime Environment:
#
#  SIGSEGV (0xb) at pc=0x00007fdb7ead15cb, pid=15078, tid=140580590561024
#
# JRE version: 7.0_01-b08
# Java VM: Java HotSpot(TM) 64-Bit Server VM (21.1-b02 mixed mode linux-amd64 compressed oops)
# Problematic frame:
# V  [libjvm.so+0x53f5cb]  JNI_ArgumentPusherVaArg::JNI_ArgumentPusherVaArg(_jmethodID*, __va_list_tag*)+0x1b
#
# Failed to write core dump. Core dumps have been disabled. To enable core dumping, try "ulimit -c unlimited" before starting Java again
#
# If you would like to submit a bug report, please visit:
#   http://bugreport.sun.com/bugreport/crash.jsp
#

---------------  T H R E A D  ---------------

Current thread (0x00000000008d5800):  JavaThread "Thread-4" [_thread_in_vm, id=15096, stack(0x00007fdb7819a000,0x00007fdb7829b000)]

siginfo:si_signo=SIGSEGV: si_errno=0, si_code=1 (SEGV_MAPERR), si_addr=0x0000000000000000

Registers:
RAX=0x00007fdb78299610, RBX=0x00007fdb78299570, RCX=0x00007fdb7eab5ad1, RDX=0x00007fdb782995d0
RSP=0x00007fdb78299510, RBP=0x00007fdb78299540, RSI=0x0000000000000000, RDI=0x00007fdb78299570
R8 =0x00007fdb7eab5a60, R9 =0x000000000000002b, R10=0x00007fdb7f211ce0, R11=0x000000000000001d
R12=0x00007fdb782995d0, R13=0x0000000000000000, R14=0x00000000008d59d0, R15=0x00007fdb782995b0
RIP=0x00007fdb7ead15cb, EFLAGS=0x0000000000010202, CSGSFS=0x0000000000000033, ERR=0x0000000000000004
  TRAPNO=0x000000000000000e

Top of Stack: (sp=0x00007fdb78299510)
0x00007fdb78299510:   00007fdb7a281c16 00007fdb7a2bbffe
0x00007fdb78299520:   00007fdb78299570 00000000008d5800
0x00007fdb78299530:   0000000000000000 00000000008d59d0
0x00007fdb78299540:   00007fdb782996f0 00007fdb7eab5b9a
0x00007fdb78299550:   00007fdb782997d0 00007fdb7ea9cb48
0x00007fdb78299560:   00007fdb782995a0 0000000000000000
0x00007fdb78299570:   0000003000000010 00007fdb78299590
0x00007fdb78299580:   00000000007825f0 00007fdb7a2bbffe
0x00007fdb78299590:   00007fdb7ee11408 0000000000000000
0x00007fdb782995a0:   0000000000000000 0000000000000000
0x00007fdb782995b0:   00000000008d5800 0000000000000000
0x00007fdb782995c0:   0000000000000000 0000000000000000
0x00007fdb782995d0:   0000003000000018 00007fdb78299700
0x00007fdb782995e0:   00007fdb78299610 00007fdb7a2c3920
0x00007fdb782995f0:   0000000000000005 00007fdb7a2c3932
0x00007fdb78299600:   00000000008d5800 0000000000000000
0x00007fdb78299610:   0000000000000000 0000000000000000
0x00007fdb78299620:   00007fdb7a2c3920 0000000000000000
0x00007fdb78299630:   00007fdb7eab5a60 000000000000002b
0x00007fdb78299640:   0000000000000000 0000000000000000
0x00007fdb78299650:   0000000000000000 0000000000000000
0x00007fdb78299660:   0000000000000000 0000000000000000
0x00007fdb78299670:   0000000000000000 0000000000020000
0x00007fdb78299680:   00007fdb78299590 0000000000000000
0x00007fdb78299690:   0000000000000000 00007fdb7a2c3920
0x00007fdb782996a0:   0000000000000400 5beedb70b7a20800
0x00007fdb782996b0:   00007fdb782997ef 0000000000000000
0x00007fdb782996c0:   00007fdb73ff5d48 00000000bd0efc58
0x00007fdb782996d0:   0000000000000000 00000000bd0efc58
0x00007fdb782996e0:   00007fdb782998b0 00000000008d5800
0x00007fdb782996f0:   00007fdb78299720 00007fdb73db210e
0x00007fdb78299700:   00000001008d6328 00007fdb73ff5d48 

Instructions: (pc=0x00007fdb7ead15cb)
0x00007fdb7ead15ab:   ff ff ff 90 90 55 48 89 e5 48 89 5d e0 4c 89 65
0x00007fdb7ead15bb:   e8 49 89 d4 4c 89 6d f0 4c 89 75 f8 48 83 ec 30
0x00007fdb7ead15cb:   48 8b 16 48 89 fb 48 8b 42 10 48 8b 52 18 0f b7
0x00007fdb7ead15db:   48 42 4c 63 e9 4e 8d 74 ea 40 49 8b 06 48 89 45 

Register to memory mapping:

RAX=0x00007fdb78299610 is pointing into the stack for thread: 0x00000000008d5800
RBX=0x00007fdb78299570 is pointing into the stack for thread: 0x00000000008d5800
RCX=0x00007fdb7eab5ad1: <offset 0x523ad1> in /usr/lib/jvm/jdk1.7.0_01x64/jre/lib/amd64/server/libjvm.so at 0x00007fdb7e592000
RDX=0x00007fdb782995d0 is pointing into the stack for thread: 0x00000000008d5800
RSP=0x00007fdb78299510 is pointing into the stack for thread: 0x00000000008d5800
RBP=0x00007fdb78299540 is pointing into the stack for thread: 0x00000000008d5800
RSI=0x0000000000000000 is an unknown value
RDI=0x00007fdb78299570 is pointing into the stack for thread: 0x00000000008d5800
R8 =0x00007fdb7eab5a60: <offset 0x523a60> in /usr/lib/jvm/jdk1.7.0_01x64/jre/lib/amd64/server/libjvm.so at 0x00007fdb7e592000
R9 =0x000000000000002b is an unknown value
R10=0x00007fdb7f211ce0: <offset 0xc7fce0> in /usr/lib/jvm/jdk1.7.0_01x64/jre/lib/amd64/server/libjvm.so at 0x00007fdb7e592000
R11=0x000000000000001d is an unknown value
R12=0x00007fdb782995d0 is pointing into the stack for thread: 0x00000000008d5800
R13=0x0000000000000000 is an unknown value
R14=0x00000000008d59d0 is an unknown value
R15=0x00007fdb782995b0 is pointing into the stack for thread: 0x00000000008d5800


Stack: [0x00007fdb7819a000,0x00007fdb7829b000],  sp=0x00007fdb78299510,  free space=1021k
Native frames: (J=compiled Java code, j=interpreted, Vv=VM code, C=native code)
V  [libjvm.so+0x53f5cb]  JNI_ArgumentPusherVaArg::JNI_ArgumentPusherVaArg(_jmethodID*, __va_list_tag*)+0x1b
V  [libjvm.so+0x523b9a]  jni_CallCharMethod+0x13a
C  [middleware.so+0x4510e]  PoHWCommM$PoNetworkMngrHALI$joinNetwork+0x4a
C  [middleware.so+0x2bf5a]  PoNetworkMngrM$HWNetworkMngrI$joinNetwork+0x2c
C  [middleware.so+0x2bfa6]  PoNetworkMngrM$PoNetworkMngrI$joinNetwork+0x44
C  [middleware.so+0x2c145]  PoNetworkMngrM$TempJoinTimer$fired+0x46
C  [middleware.so+0x2dfbe]  PoSWTimerM$0$Timer$fired+0x80
C  [middleware.so+0x44bd6]  Java_org_lekkas_poclient_PoAPI_TimerService_nativeTimerFired+0x23
j  org.lekkas.poclient.PoAPI.TimerService.nativeTimerFired(B)I+0
j  org.lekkas.poclient.PoAPI.TimerService.JNICall_fireTimer(B)V+31
j  org.lekkas.poclient.PoAPI.EventHandlerThread.DispatchEvt(Lorg/lekkas/poclient/PoEvents/PoEvent;)V+18
j  org.lekkas.poclient.PoAPI.EventHandlerThread.run()V+149
v  ~StubRoutines::call_stub
V  [libjvm.so+0x5150c5]  JavaCalls::call_helper(JavaValue*, methodHandle*, JavaCallArguments*, Thread*)+0x345
V  [libjvm.so+0x513bf8]  JavaCalls::call(JavaValue*, methodHandle, JavaCallArguments*, Thread*)+0x28
V  [libjvm.so+0x513e8c]  JavaCalls::call_virtual(JavaValue*, KlassHandle, Symbol*, Symbol*, JavaCallArguments*, Thread*)+0x17c
V  [libjvm.so+0x513fb7]  JavaCalls::call_virtual(JavaValue*, Handle, KlassHandle, Symbol*, Symbol*, Thread*)+0x47
V  [libjvm.so+0x56234f]  thread_entry(JavaThread*, Thread*)+0xdf
V  [libjvm.so+0x80d2aa]  JavaThread::run()+0x17a
V  [libjvm.so+0x6f7fd0]  java_start(Thread*)+0x100

Java frames: (J=compiled Java code, j=interpreted, Vv=VM code)
j  org.lekkas.poclient.PoAPI.TimerService.nativeTimerFired(B)I+0
j  org.lekkas.poclient.PoAPI.TimerService.JNICall_fireTimer(B)V+31
j  org.lekkas.poclient.PoAPI.EventHandlerThread.DispatchEvt(Lorg/lekkas/poclient/PoEvents/PoEvent;)V+18
j  org.lekkas.poclient.PoAPI.EventHandlerThread.run()V+149
v  ~StubRoutines::call_stub

---------------  P R O C E S S  ---------------

Java Threads: ( => current thread )
  0x00007fdb740a3000 JavaThread "Thread-6" [_thread_blocked, id=15099, stack(0x00007fdb73b6b000,0x00007fdb73c6c000)]
  0x00007fdb7400c000 JavaThread "pool-1-thread-1" [_thread_blocked, id=15098, stack(0x00007fdb73c6c000,0x00007fdb73d6d000)]
  0x00000000008ed800 JavaThread "Thread-5" [_thread_blocked, id=15097, stack(0x00007fdb78099000,0x00007fdb7819a000)]
  0x0000000000786000 JavaThread "DestroyJavaVM" [_thread_blocked, id=15083, stack(0x00007fdb7fcf9000,0x00007fdb7fdfa000)]
=>0x00000000008d5800 JavaThread "Thread-4" [_thread_in_vm, id=15096, stack(0x00007fdb7819a000,0x00007fdb7829b000)]
  0x00000000008d0000 JavaThread "Thread-3" [_thread_in_native, id=15095, stack(0x00007fdb7829b000,0x00007fdb7839c000)]
  0x00000000008ce000 JavaThread "Thread-2" [_thread_blocked, id=15094, stack(0x00007fdb7839c000,0x00007fdb7849d000)]
  0x0000000000871000 JavaThread "Service Thread" daemon [_thread_blocked, id=15092, stack(0x00007fdb789f6000,0x00007fdb78af7000)]
  0x0000000000866000 JavaThread "C2 CompilerThread1" daemon [_thread_blocked, id=15091, stack(0x00007fdb78af7000,0x00007fdb78bf8000)]
  0x0000000000863000 JavaThread "C2 CompilerThread0" daemon [_thread_blocked, id=15090, stack(0x00007fdb78bf8000,0x00007fdb78cf9000)]
  0x0000000000860800 JavaThread "Signal Dispatcher" daemon [_thread_blocked, id=15089, stack(0x00007fdb78cf9000,0x00007fdb78dfa000)]
  0x0000000000815800 JavaThread "Finalizer" daemon [_thread_blocked, id=15088, stack(0x00007fdb79486000,0x00007fdb79587000)]
  0x000000000080e000 JavaThread "Reference Handler" daemon [_thread_blocked, id=15087, stack(0x00007fdb79587000,0x00007fdb79688000)]

Other Threads:
  0x0000000000806000 VMThread [stack: 0x00007fdb79688000,0x00007fdb79789000] [id=15086]
  0x000000000087b800 WatcherThread [stack: 0x00007fdb788f5000,0x00007fdb789f6000] [id=15093]

VM state:not at safepoint (normal execution)

VM Mutex/Monitor currently owned by a thread: None

Heap
 PSYoungGen      total 18496K, used 11431K [0x00000000eb560000, 0x00000000eca00000, 0x0000000100000000)
  eden space 15872K, 72% used [0x00000000eb560000,0x00000000ec089ce8,0x00000000ec4e0000)
  from space 2624K, 0% used [0x00000000ec770000,0x00000000ec770000,0x00000000eca00000)
  to   space 2624K, 0% used [0x00000000ec4e0000,0x00000000ec4e0000,0x00000000ec770000)
 PSOldGen        total 42304K, used 0K [0x00000000c2000000, 0x00000000c4950000, 0x00000000eb560000)
  object space 42304K, 0% used [0x00000000c2000000,0x00000000c2000000,0x00000000c4950000)
 PSPermGen       total 21248K, used 3785K [0x00000000bce00000, 0x00000000be2c0000, 0x00000000c2000000)
  object space 21248K, 17% used [0x00000000bce00000,0x00000000bd1b25f0,0x00000000be2c0000)

Code Cache  [0x00007fdb7a273000, 0x00007fdb7a4e3000, 0x00007fdb7d273000)
 total_blobs=268 nmethods=61 adapters=159 free_code_cache=48655Kb largest_free_block=49806016

Dynamic libraries:
00400000-00401000 r-xp 00000000 07:00 660931                             /usr/lib/jvm/jdk1.7.0_01x64/bin/java
00600000-00601000 rw-p 00000000 07:00 660931                             /usr/lib/jvm/jdk1.7.0_01x64/bin/java
0077e000-00c6e000 rw-p 00000000 00:00 0                                  [heap]
bce00000-be2c0000 rw-p 00000000 00:00 0 
be2c0000-c2000000 rw-p 00000000 00:00 0 
c2000000-c4950000 rw-p 00000000 00:00 0 
c4950000-eb560000 rw-p 00000000 00:00 0 
eb560000-eca00000 rw-p 00000000 00:00 0 
eca00000-100000000 rw-p 00000000 00:00 0 
7fdb73b6b000-7fdb73b6e000 ---p 00000000 00:00 0 
7fdb73b6e000-7fdb73c6c000 rw-p 00000000 00:00 0 
7fdb73c6c000-7fdb73c6f000 ---p 00000000 00:00 0 
7fdb73c6f000-7fdb73d6d000 rw-p 00000000 00:00 0 
7fdb73d6d000-7fdb73dcf000 r-xp 00000000 07:00 802706                     /home/kalos/pobicos2pc/middleware/middleware.so
7fdb73dcf000-7fdb73fcf000 ---p 00062000 07:00 802706                     /home/kalos/pobicos2pc/middleware/middleware.so
7fdb73fcf000-7fdb73fd0000 r--p 00062000 07:00 802706                     /home/kalos/pobicos2pc/middleware/middleware.so
7fdb73fd0000-7fdb73fd1000 rw-p 00063000 07:00 802706                     /home/kalos/pobicos2pc/middleware/middleware.so
7fdb73fd1000-7fdb74000000 rw-p 00000000 00:00 0 
7fdb74000000-7fdb7416d000 rw-p 00000000 00:00 0 
7fdb7416d000-7fdb78000000 ---p 00000000 00:00 0 
7fdb78099000-7fdb7809c000 ---p 00000000 00:00 0 
7fdb7809c000-7fdb7819a000 rw-p 00000000 00:00 0 
7fdb7819a000-7fdb7819d000 ---p 00000000 00:00 0 
7fdb7819d000-7fdb7829b000 rw-p 00000000 00:00 0 
7fdb7829b000-7fdb7829e000 ---p 00000000 00:00 0 
7fdb7829e000-7fdb7839c000 rw-p 00000000 00:00 0 
7fdb7839c000-7fdb7839f000 ---p 00000000 00:00 0 
7fdb7839f000-7fdb7849d000 rw-p 00000000 00:00 0 
7fdb7849d000-7fdb784ad000 r-xp 00000000 07:00 666157                     /usr/lib/jvm/jdk1.7.0_01x64/jre/lib/amd64/libnio.so
7fdb784ad000-7fdb786ad000 ---p 00010000 07:00 666157                     /usr/lib/jvm/jdk1.7.0_01x64/jre/lib/amd64/libnio.so
7fdb786ad000-7fdb786ae000 rw-p 00010000 07:00 666157                     /usr/lib/jvm/jdk1.7.0_01x64/jre/lib/amd64/libnio.so
7fdb786ae000-7fdb786df000 rw-p 00000000 00:00 0 
7fdb786df000-7fdb786f4000 r-xp 00000000 07:00 666097                     /usr/lib/jvm/jdk1.7.0_01x64/jre/lib/amd64/libnet.so
7fdb786f4000-7fdb788f4000 ---p 00015000 07:00 666097                     /usr/lib/jvm/jdk1.7.0_01x64/jre/lib/amd64/libnet.so
7fdb788f4000-7fdb788f5000 rw-p 00015000 07:00 666097                     /usr/lib/jvm/jdk1.7.0_01x64/jre/lib/amd64/libnet.so
7fdb788f5000-7fdb788f6000 ---p 00000000 00:00 0 
7fdb788f6000-7fdb789f6000 rw-p 00000000 00:00 0 
7fdb789f6000-7fdb789f9000 ---p 00000000 00:00 0 
7fdb789f9000-7fdb78af7000 rw-p 00000000 00:00 0 
7fdb78af7000-7fdb78afa000 ---p 00000000 00:00 0 
7fdb78afa000-7fdb78bf8000 rw-p 00000000 00:00 0 
7fdb78bf8000-7fdb78bfb000 ---p 00000000 00:00 0 
7fdb78bfb000-7fdb78cf9000 rw-p 00000000 00:00 0 
7fdb78cf9000-7fdb78cfc000 ---p 00000000 00:00 0 
7fdb78cfc000-7fdb78dfa000 rw-p 00000000 00:00 0 
7fdb78dfa000-7fdb79486000 r--p 00000000 07:00 1053340                    /usr/lib/locale/locale-archive
7fdb79486000-7fdb79489000 ---p 00000000 00:00 0 
7fdb79489000-7fdb79587000 rw-p 00000000 00:00 0 
7fdb79587000-7fdb7958a000 ---p 00000000 00:00 0 
7fdb7958a000-7fdb79688000 rw-p 00000000 00:00 0 
7fdb79688000-7fdb79689000 ---p 00000000 00:00 0 
7fdb79689000-7fdb79afc000 rw-p 00000000 00:00 0 
7fdb79afc000-7fdb79cbb000 r--s 039fc000 07:00 666065                     /usr/lib/jvm/jdk1.7.0_01x64/jre/lib/rt.jar
7fdb79cbb000-7fdb79ce3000 rw-p 00000000 00:00 0 
7fdb79ce3000-7fdb79ce4000 ---p 00000000 00:00 0 
7fdb79ce4000-7fdb79de4000 rw-p 00000000 00:00 0 
7fdb79de4000-7fdb79de5000 ---p 00000000 00:00 0 
7fdb79de5000-7fdb79ef0000 rw-p 00000000 00:00 0 
7fdb79ef0000-7fdb79f0e000 rw-p 00000000 00:00 0 
7fdb79f0e000-7fdb79f23000 rw-p 00000000 00:00 0 
7fdb79f23000-7fdb7a059000 rw-p 00000000 00:00 0 
7fdb7a059000-7fdb7a064000 rw-p 00000000 00:00 0 
7fdb7a064000-7fdb7a082000 rw-p 00000000 00:00 0 
7fdb7a082000-7fdb7a097000 rw-p 00000000 00:00 0 
7fdb7a097000-7fdb7a1cc000 rw-p 00000000 00:00 0 
7fdb7a1cc000-7fdb7a1d7000 rw-p 00000000 00:00 0 
7fdb7a1d7000-7fdb7a272000 rw-p 00000000 00:00 0 
7fdb7a272000-7fdb7a273000 rw-p 00000000 00:00 0 
7fdb7a273000-7fdb7a4e3000 rwxp 00000000 00:00 0 
7fdb7a4e3000-7fdb7d273000 rw-p 00000000 00:00 0 
7fdb7d273000-7fdb7d28d000 r-xp 00000000 07:00 666149                     /usr/lib/jvm/jdk1.7.0_01x64/jre/lib/amd64/libzip.so
7fdb7d28d000-7fdb7d48d000 ---p 0001a000 07:00 666149                     /usr/lib/jvm/jdk1.7.0_01x64/jre/lib/amd64/libzip.so
7fdb7d48d000-7fdb7d48e000 rw-p 0001a000 07:00 666149                     /usr/lib/jvm/jdk1.7.0_01x64/jre/lib/amd64/libzip.so
7fdb7d48e000-7fdb7d49a000 r-xp 00000000 07:00 787579                     /lib/x86_64-linux-gnu/libnss_files-2.13.so
7fdb7d49a000-7fdb7d699000 ---p 0000c000 07:00 787579                     /lib/x86_64-linux-gnu/libnss_files-2.13.so
7fdb7d699000-7fdb7d69a000 r--p 0000b000 07:00 787579                     /lib/x86_64-linux-gnu/libnss_files-2.13.so
7fdb7d69a000-7fdb7d69b000 rw-p 0000c000 07:00 787579                     /lib/x86_64-linux-gnu/libnss_files-2.13.so
7fdb7d69b000-7fdb7d6a6000 r-xp 00000000 07:00 787583                     /lib/x86_64-linux-gnu/libnss_nis-2.13.so
7fdb7d6a6000-7fdb7d8a5000 ---p 0000b000 07:00 787583                     /lib/x86_64-linux-gnu/libnss_nis-2.13.so
7fdb7d8a5000-7fdb7d8a6000 r--p 0000a000 07:00 787583                     /lib/x86_64-linux-gnu/libnss_nis-2.13.so
7fdb7d8a6000-7fdb7d8a7000 rw-p 0000b000 07:00 787583                     /lib/x86_64-linux-gnu/libnss_nis-2.13.so
7fdb7d8a7000-7fdb7d8be000 r-xp 00000000 07:00 787573                     /lib/x86_64-linux-gnu/libnsl-2.13.so
7fdb7d8be000-7fdb7dabd000 ---p 00017000 07:00 787573                     /lib/x86_64-linux-gnu/libnsl-2.13.so
7fdb7dabd000-7fdb7dabe000 r--p 00016000 07:00 787573                     /lib/x86_64-linux-gnu/libnsl-2.13.so
7fdb7dabe000-7fdb7dabf000 rw-p 00017000 07:00 787573                     /lib/x86_64-linux-gnu/libnsl-2.13.so
7fdb7dabf000-7fdb7dac1000 rw-p 00000000 00:00 0 
7fdb7dac1000-7fdb7dac9000 r-xp 00000000 07:00 787575                     /lib/x86_64-linux-gnu/libnss_compat-2.13.so
7fdb7dac9000-7fdb7dcc8000 ---p 00008000 07:00 787575                     /lib/x86_64-linux-gnu/libnss_compat-2.13.so
7fdb7dcc8000-7fdb7dcc9000 r--p 00007000 07:00 787575                     /lib/x86_64-linux-gnu/libnss_compat-2.13.so
7fdb7dcc9000-7fdb7dcca000 rw-p 00008000 07:00 787575                     /lib/x86_64-linux-gnu/libnss_compat-2.13.so
7fdb7dcca000-7fdb7dcf3000 r-xp 00000000 07:00 666233                     /usr/lib/jvm/jdk1.7.0_01x64/jre/lib/amd64/libjava.so
7fdb7dcf3000-7fdb7def3000 ---p 00029000 07:00 666233                     /usr/lib/jvm/jdk1.7.0_01x64/jre/lib/amd64/libjava.so
7fdb7def3000-7fdb7def5000 rw-p 00029000 07:00 666233                     /usr/lib/jvm/jdk1.7.0_01x64/jre/lib/amd64/libjava.so
7fdb7def5000-7fdb7df04000 r-xp 00000000 07:00 666101                     /usr/lib/jvm/jdk1.7.0_01x64/jre/lib/amd64/libverify.so
7fdb7df04000-7fdb7e103000 ---p 0000f000 07:00 666101                     /usr/lib/jvm/jdk1.7.0_01x64/jre/lib/amd64/libverify.so
7fdb7e103000-7fdb7e105000 rw-p 0000e000 07:00 666101                     /usr/lib/jvm/jdk1.7.0_01x64/jre/lib/amd64/libverify.so
7fdb7e105000-7fdb7e10c000 r-xp 00000000 07:00 787602                     /lib/x86_64-linux-gnu/librt-2.13.so
7fdb7e10c000-7fdb7e30b000 ---p 00007000 07:00 787602                     /lib/x86_64-linux-gnu/librt-2.13.so
7fdb7e30b000-7fdb7e30c000 r--p 00006000 07:00 787602                     /lib/x86_64-linux-gnu/librt-2.13.so
7fdb7e30c000-7fdb7e30d000 rw-p 00007000 07:00 787602                     /lib/x86_64-linux-gnu/librt-2.13.so
7fdb7e30d000-7fdb7e391000 r-xp 00000000 07:00 787570                     /lib/x86_64-linux-gnu/libm-2.13.so
7fdb7e391000-7fdb7e590000 ---p 00084000 07:00 787570                     /lib/x86_64-linux-gnu/libm-2.13.so
7fdb7e590000-7fdb7e591000 r--p 00083000 07:00 787570                     /lib/x86_64-linux-gnu/libm-2.13.so
7fdb7e591000-7fdb7e592000 rw-p 00084000 07:00 787570                     /lib/x86_64-linux-gnu/libm-2.13.so
7fdb7e592000-7fdb7ef62000 r-xp 00000000 07:00 666245                     /usr/lib/jvm/jdk1.7.0_01x64/jre/lib/amd64/server/libjvm.so
7fdb7ef62000-7fdb7f162000 ---p 009d0000 07:00 666245                     /usr/lib/jvm/jdk1.7.0_01x64/jre/lib/amd64/server/libjvm.so
7fdb7f162000-7fdb7f1fd000 rw-p 009d0000 07:00 666245                     /usr/lib/jvm/jdk1.7.0_01x64/jre/lib/amd64/server/libjvm.so
7fdb7f1fd000-7fdb7f236000 rw-p 00000000 00:00 0 
7fdb7f236000-7fdb7f3c0000 r-xp 00000000 07:00 787533                     /lib/x86_64-linux-gnu/libc-2.13.so
7fdb7f3c0000-7fdb7f5bf000 ---p 0018a000 07:00 787533                     /lib/x86_64-linux-gnu/libc-2.13.so
7fdb7f5bf000-7fdb7f5c3000 r--p 00189000 07:00 787533                     /lib/x86_64-linux-gnu/libc-2.13.so
7fdb7f5c3000-7fdb7f5c4000 rw-p 0018d000 07:00 787533                     /lib/x86_64-linux-gnu/libc-2.13.so
7fdb7f5c4000-7fdb7f5ca000 rw-p 00000000 00:00 0 
7fdb7f5ca000-7fdb7f5cc000 r-xp 00000000 07:00 787543                     /lib/x86_64-linux-gnu/libdl-2.13.so
7fdb7f5cc000-7fdb7f7cc000 ---p 00002000 07:00 787543                     /lib/x86_64-linux-gnu/libdl-2.13.so
7fdb7f7cc000-7fdb7f7cd000 r--p 00002000 07:00 787543                     /lib/x86_64-linux-gnu/libdl-2.13.so
7fdb7f7cd000-7fdb7f7ce000 rw-p 00003000 07:00 787543                     /lib/x86_64-linux-gnu/libdl-2.13.so
7fdb7f7ce000-7fdb7f7e4000 r-xp 00000000 07:00 666201                     /usr/lib/jvm/jdk1.7.0_01x64/jre/lib/amd64/jli/libjli.so
7fdb7f7e4000-7fdb7f9e3000 ---p 00016000 07:00 666201                     /usr/lib/jvm/jdk1.7.0_01x64/jre/lib/amd64/jli/libjli.so
7fdb7f9e3000-7fdb7f9e4000 rw-p 00015000 07:00 666201                     /usr/lib/jvm/jdk1.7.0_01x64/jre/lib/amd64/jli/libjli.so
7fdb7f9e4000-7fdb7f9fc000 r-xp 00000000 07:00 787598                     /lib/x86_64-linux-gnu/libpthread-2.13.so
7fdb7f9fc000-7fdb7fbfc000 ---p 00018000 07:00 787598                     /lib/x86_64-linux-gnu/libpthread-2.13.so
7fdb7fbfc000-7fdb7fbfd000 r--p 00018000 07:00 787598                     /lib/x86_64-linux-gnu/libpthread-2.13.so
7fdb7fbfd000-7fdb7fbfe000 rw-p 00019000 07:00 787598                     /lib/x86_64-linux-gnu/libpthread-2.13.so
7fdb7fbfe000-7fdb7fc02000 rw-p 00000000 00:00 0 
7fdb7fc02000-7fdb7fc23000 r-xp 00000000 07:00 787520                     /lib/x86_64-linux-gnu/ld-2.13.so
7fdb7fc39000-7fdb7fc43000 rw-p 00000000 00:00 0 
7fdb7fc43000-7fdb7fcf9000 rw-p 00000000 00:00 0 
7fdb7fcf9000-7fdb7fcfc000 ---p 00000000 00:00 0 
7fdb7fcfc000-7fdb7fdfe000 rw-p 00000000 00:00 0 
7fdb7fe16000-7fdb7fe1e000 rw-s 00000000 07:00 922640                     /tmp/hsperfdata_kalos/15078
7fdb7fe1e000-7fdb7fe1f000 rw-p 00000000 00:00 0 
7fdb7fe1f000-7fdb7fe20000 r--p 00000000 00:00 0 
7fdb7fe20000-7fdb7fe22000 rw-p 00000000 00:00 0 
7fdb7fe22000-7fdb7fe23000 r--p 00020000 07:00 787520                     /lib/x86_64-linux-gnu/ld-2.13.so
7fdb7fe23000-7fdb7fe25000 rw-p 00021000 07:00 787520                     /lib/x86_64-linux-gnu/ld-2.13.so
7fffe9454000-7fffe9475000 rw-p 00000000 00:00 0                          [stack]
7fffe9599000-7fffe959a000 r-xp 00000000 00:00 0                          [vdso]
ffffffffff600000-ffffffffff601000 r-xp 00000000 00:00 0                  [vsyscall]

VM Arguments:
jvm_args: -Dfile.encoding=UTF-8 
java_command: org.lekkas.poclient.PoMainA /home/kalos/vmware/pobicos/happinessbranch/trunk/applications/
Launcher Type: SUN_STANDARD

Environment Variables:
PATH=/usr/local/sbin:/usr/local/bin:/usr/sbin:/usr/bin:/sbin:/bin:/usr/games
USERNAME=kalos
SHELL=/bin/bash
DISPLAY=:0.0

Signal Handlers:
SIGSEGV: [libjvm.so+0x84b980], sa_mask[0]=0x7ffbfeff, sa_flags=0x10000004
SIGBUS: [libjvm.so+0x84b980], sa_mask[0]=0x7ffbfeff, sa_flags=0x10000004
SIGFPE: [libjvm.so+0x6f3340], sa_mask[0]=0x7ffbfeff, sa_flags=0x10000004
SIGPIPE: [libjvm.so+0x6f3340], sa_mask[0]=0x7ffbfeff, sa_flags=0x10000004
SIGXFSZ: [libjvm.so+0x6f3340], sa_mask[0]=0x7ffbfeff, sa_flags=0x10000004
SIGILL: [libjvm.so+0x6f3340], sa_mask[0]=0x7ffbfeff, sa_flags=0x10000004
SIGUSR1: SIG_DFL, sa_mask[0]=0x00000000, sa_flags=0x00000000
SIGUSR2: [libjvm.so+0x6f2cb0], sa_mask[0]=0x00000004, sa_flags=0x10000004
SIGHUP: [libjvm.so+0x6f5170], sa_mask[0]=0x7ffbfeff, sa_flags=0x10000004
SIGINT: SIG_IGN, sa_mask[0]=0x00000000, sa_flags=0x00000000
SIGTERM: [libjvm.so+0x6f5170], sa_mask[0]=0x7ffbfeff, sa_flags=0x10000004
SIGQUIT: [libjvm.so+0x6f5170], sa_mask[0]=0x7ffbfeff, sa_flags=0x10000004


---------------  S Y S T E M  ---------------

OS:squeeze/sid

uname:Linux 2.6.38-12-generic #51-Ubuntu SMP Wed Sep 28 14:27:32 UTC 2011 x86_64
libc:glibc 2.13 NPTL 2.13 
rlimit: STACK 8192k, CORE 0k, NPROC infinity, NOFILE 4096, AS infinity
load average:0,00 0,01 0,05

/proc/meminfo:
MemTotal:        4058144 kB
MemFree:           41944 kB
Buffers:          317444 kB
Cached:           796172 kB
SwapCached:          668 kB
Active:          2310400 kB
Inactive:        1225336 kB
Active(anon):    1786564 kB
Inactive(anon):   680776 kB
Active(file):     523836 kB
Inactive(file):   544560 kB
Unevictable:        2544 kB
Mlocked:              76 kB
SwapTotal:        262136 kB
SwapFree:         208516 kB
Dirty:             16008 kB
Writeback:             4 kB
AnonPages:       2424100 kB
Mapped:           520256 kB
Shmem:             42680 kB
Slab:              84228 kB
SReclaimable:      56164 kB
SUnreclaim:        28064 kB
KernelStack:        4520 kB
PageTables:        44476 kB
NFS_Unstable:          0 kB
Bounce:                0 kB
WritebackTmp:          0 kB
CommitLimit:     2291208 kB
Committed_AS:    5090656 kB
VmallocTotal:   34359738367 kB
VmallocUsed:      321252 kB
VmallocChunk:   34359410436 kB
HardwareCorrupted:     0 kB
HugePages_Total:       0
HugePages_Free:        0
HugePages_Rsvd:        0
HugePages_Surp:        0
Hugepagesize:       2048 kB
DirectMap4k:      998208 kB
DirectMap2M:     3194880 kB


CPU:total 2 (2 cores per cpu, 1 threads per core) family 6 model 15 stepping 13, cmov, cx8, fxsr, mmx, sse, sse2, sse3, ssse3

/proc/cpuinfo:
processor	: 0
vendor_id	: GenuineIntel
cpu family	: 6
model		: 15
model name	: Intel(R) Core(TM)2 Duo CPU     T5750  @ 2.00GHz
stepping	: 13
cpu MHz		: 2000.000
cache size	: 2048 KB
physical id	: 0
siblings	: 2
core id		: 0
cpu cores	: 2
apicid		: 0
initial apicid	: 0
fpu		: yes
fpu_exception	: yes
cpuid level	: 10
wp		: yes
flags		: fpu vme de pse tsc msr pae mce cx8 apic sep mtrr pge mca cmov pat pse36 clflush dts acpi mmx fxsr sse sse2 ss ht tm pbe syscall nx lm constant_tsc arch_perfmon pebs bts rep_good nopl aperfmperf pni dtes64 monitor ds_cpl est tm2 ssse3 cx16 xtpr pdcm lahf_lm dts
bogomips	: 4000.29
clflush size	: 64
cache_alignment	: 64
address sizes	: 36 bits physical, 48 bits virtual
power management:

processor	: 1
vendor_id	: GenuineIntel
cpu family	: 6
model		: 15
model name	: Intel(R) Core(TM)2 Duo CPU     T5750  @ 2.00GHz
stepping	: 13
cpu MHz		: 2000.000
cache size	: 2048 KB
physical id	: 0
siblings	: 2
core id		: 1
cpu cores	: 2
apicid		: 1
initial apicid	: 1
fpu		: yes
fpu_exception	: yes
cpuid level	: 10
wp		: yes
flags		: fpu vme de pse tsc msr pae mce cx8 apic sep mtrr pge mca cmov pat pse36 clflush dts acpi mmx fxsr sse sse2 ss ht tm pbe syscall nx lm constant_tsc arch_perfmon pebs bts rep_good nopl aperfmperf pni dtes64 monitor ds_cpl est tm2 ssse3 cx16 xtpr pdcm lahf_lm dts
bogomips	: 4000.22
clflush size	: 64
cache_alignment	: 64
address sizes	: 36 bits physical, 48 bits virtual
power management:



Memory: 4k page, physical 4058144k(41944k free), swap 262136k(208516k free)

vm_info: Java HotSpot(TM) 64-Bit Server VM (21.1-b02) for linux-amd64 JRE (1.7.0_01-b08), built on Oct  3 2011 01:18:26 by "java_re" with gcc 4.3.0 20080428 (Red Hat 4.3.0-8)

time: Sat Dec  3 21:58:47 2011
elapsed time: 0 seconds

